<?xml version="1.0" encoding="UTF-8"?>
<!-- Generated by org.testng.reporters.JUnitReportReporter -->
<testsuite hostname="DESKTOP-J8CIK74" name="com.OrangeHRM.TestCases.TC_LoginTest_001" tests="1" failures="0" timestamp="14 Feb 2020 16:27:11 GMT" time="3.865" errors="0">
  <testcase name="LoginTest" time="3.865" classname="com.OrangeHRM.TestCases.TC_LoginTest_001"/>
</testsuite> <!-- com.OrangeHRM.TestCases.TC_LoginTest_001 -->
