<?xml version="1.0" encoding="UTF-8"?>
<!-- Generated by org.testng.reporters.JUnitReportReporter -->
<testsuite hostname="DESKTOP-J8CIK74" name="com.OrangeHRM.TestCases.TC_LoginTest_001" tests="1" failures="0" timestamp="15 Feb 2020 03:42:15 GMT" time="10.964" errors="0">
  <testcase name="LoginTest" time="10.964" classname="com.OrangeHRM.TestCases.TC_LoginTest_001"/>
</testsuite> <!-- com.OrangeHRM.TestCases.TC_LoginTest_001 -->
